android/MorningBriefingWidget/app/build/intermediates/manifest_merge_blame_file/debug/processDebugMainManifest/manifest-merger-blame-debug-report.txt
1<?xml version="1.0" encoding="utf-8"?>
2<manifest xmlns:android="http://schemas.android.com/apk/res/android"
3    package="com.junoh.morningbriefing"
4    android:versionCode="2"
5    android:versionName="1.1" >
6
7    <uses-sdk
8        android:minSdkVersion="26"
9        android:targetSdkVersion="36" />
10
11    <uses-permission android:name="android.permission.INTERNET" />
11-->src\main\AndroidManifest.xml:3:5-67
11-->src\main\AndroidManifest.xml:3:22-64
12    <uses-permission android:name="android.permission.ACCESS_NETWORK_STATE" />
12-->src\main\AndroidManifest.xml:4:5-79
12-->src\main\AndroidManifest.xml:4:22-76
13    <uses-permission android:name="android.permission.WAKE_LOCK" />
13-->[androidx.work:work-runtime:2.11.2] AndroidManifest.xml:23:5-68
13-->[androidx.work:work-runtime:2.11.2] AndroidManifest.xml:23:22-65
14    <uses-permission android:name="android.permission.RECEIVE_BOOT_COMPLETED" />
14-->[androidx.work:work-runtime:2.11.2] AndroidManifest.xml:25:5-81
14-->[androidx.work:work-runtime:2.11.2] AndroidManifest.xml:25:22-78
15    <uses-permission android:name="android.permission.FOREGROUND_SERVICE" />
15-->[androidx.work:work-runtime:2.11.2] AndroidManifest.xml:26:5-77
15-->[androidx.work:work-runtime:2.11.2] AndroidManifest.xml:26:22-74
16
17    <permission
17-->[androidx.core:core:1.17.0] AndroidManifest.xml:22:5-24:47
18        android:name="com.junoh.morningbriefing.DYNAMIC_RECEIVER_NOT_EXPORTED_PERMISSION"
18-->[androidx.core:core:1.17.0] AndroidManifest.xml:23:9-81
19        android:protectionLevel="signature" />
19-->[androidx.core:core:1.17.0] AndroidManifest.xml:24:9-44
20
21    <uses-permission android:name="com.junoh.morningbriefing.DYNAMIC_RECEIVER_NOT_EXPORTED_PERMISSION" />
21-->[androidx.core:core:1.17.0] AndroidManifest.xml:26:5-97
21-->[androidx.core:core:1.17.0] AndroidManifest.xml:26:22-94
22
23    <application
23-->src\main\AndroidManifest.xml:6:5-37:19
24        android:name="com.junoh.morningbriefing.MorningBriefingApp"
24-->src\main\AndroidManifest.xml:7:9-43
25        android:allowBackup="true"
25-->src\main\AndroidManifest.xml:8:9-35
26        android:appComponentFactory="androidx.core.app.CoreComponentFactory"
26-->[androidx.core:core:1.17.0] AndroidManifest.xml:28:18-86
27        android:debuggable="true"
28        android:extractNativeLibs="false"
29        android:label="@string/app_name"
29-->src\main\AndroidManifest.xml:9:9-41
30        android:testOnly="true"
31        android:theme="@style/AppTheme" >
31-->src\main\AndroidManifest.xml:10:9-40
32        <activity
32-->src\main\AndroidManifest.xml:12:9-19:20
33            android:name="com.junoh.morningbriefing.MainActivity"
33-->src\main\AndroidManifest.xml:13:13-41
34            android:exported="true" >
34-->src\main\AndroidManifest.xml:14:13-36
35            <intent-filter>
35-->src\main\AndroidManifest.xml:15:13-18:29
36                <action android:name="android.intent.action.MAIN" />
36-->src\main\AndroidManifest.xml:16:17-69
36-->src\main\AndroidManifest.xml:16:25-66
37
38                <category android:name="android.intent.category.LAUNCHER" />
38-->src\main\AndroidManifest.xml:17:17-77
38-->src\main\AndroidManifest.xml:17:27-74
39            </intent-filter>
40        </activity>
41
42        <receiver
42-->src\main\AndroidManifest.xml:21:9-30:20
43            android:name="com.junoh.morningbriefing.MorningBriefingWidgetReceiver"
43-->src\main\AndroidManifest.xml:22:13-58
44            android:exported="true" >
44-->src\main\AndroidManifest.xml:23:13-36
45            <intent-filter>
45-->src\main\AndroidManifest.xml:24:13-26:29
46                <action android:name="android.appwidget.action.APPWIDGET_UPDATE" />
46-->src\main\AndroidManifest.xml:25:17-84
46-->src\main\AndroidManifest.xml:25:25-81
47            </intent-filter>
48
49            <meta-data
49-->src\main\AndroidManifest.xml:27:13-29:72
50                android:name="android.appwidget.provider"
50-->src\main\AndroidManifest.xml:28:17-58
51                android:resource="@xml/morning_briefing_widget_info" />
51-->src\main\AndroidManifest.xml:29:17-69
52        </receiver>
53
54        <service
54-->src\main\AndroidManifest.xml:32:9-35:40
55            android:name="com.junoh.morningbriefing.NewsRemoteViewsService"
55-->src\main\AndroidManifest.xml:33:13-51
56            android:exported="false"
56-->src\main\AndroidManifest.xml:35:13-37
57            android:permission="android.permission.BIND_REMOTEVIEWS" />
57-->src\main\AndroidManifest.xml:34:13-69
58
59        <provider
59-->[androidx.work:work-runtime:2.11.2] AndroidManifest.xml:29:9-37:20
60            android:name="androidx.startup.InitializationProvider"
60-->[androidx.work:work-runtime:2.11.2] AndroidManifest.xml:30:13-67
61            android:authorities="com.junoh.morningbriefing.androidx-startup"
61-->[androidx.work:work-runtime:2.11.2] AndroidManifest.xml:31:13-68
62            android:exported="false" >
62-->[androidx.work:work-runtime:2.11.2] AndroidManifest.xml:32:13-37
63            <meta-data
63-->[androidx.work:work-runtime:2.11.2] AndroidManifest.xml:34:13-36:52
64                android:name="androidx.work.WorkManagerInitializer"
64-->[androidx.work:work-runtime:2.11.2] AndroidManifest.xml:35:17-68
65                android:value="androidx.startup" />
65-->[androidx.work:work-runtime:2.11.2] AndroidManifest.xml:36:17-49
66            <meta-data
66-->[androidx.profileinstaller:profileinstaller:1.3.0] AndroidManifest.xml:29:13-31:52
67                android:name="androidx.profileinstaller.ProfileInstallerInitializer"
67-->[androidx.profileinstaller:profileinstaller:1.3.0] AndroidManifest.xml:30:17-85
68                android:value="androidx.startup" />
68-->[androidx.profileinstaller:profileinstaller:1.3.0] AndroidManifest.xml:31:17-49
69        </provider>
70
71        <service
71-->[androidx.work:work-runtime:2.11.2] AndroidManifest.xml:39:9-45:35
72            android:name="androidx.work.impl.background.systemjob.SystemJobService"
72-->[androidx.work:work-runtime:2.11.2] AndroidManifest.xml:40:13-84
73            android:directBootAware="false"
73-->[androidx.work:work-runtime:2.11.2] AndroidManifest.xml:41:13-44
74            android:enabled="@bool/enable_system_job_service_default"
74-->[androidx.work:work-runtime:2.11.2] AndroidManifest.xml:42:13-70
75            android:exported="true"
75-->[androidx.work:work-runtime:2.11.2] AndroidManifest.xml:43:13-36
76            android:permission="android.permission.BIND_JOB_SERVICE" />
76-->[androidx.work:work-runtime:2.11.2] AndroidManifest.xml:44:13-69
77        <service
77-->[androidx.work:work-runtime:2.11.2] AndroidManifest.xml:46:9-52:35
78            android:name="androidx.work.impl.foreground.SystemForegroundService"
78-->[androidx.work:work-runtime:2.11.2] AndroidManifest.xml:47:13-81
79            android:directBootAware="false"
79-->[androidx.work:work-runtime:2.11.2] AndroidManifest.xml:48:13-44
80            android:enabled="@bool/enable_system_foreground_service_default"
80-->[androidx.work:work-runtime:2.11.2] AndroidManifest.xml:49:13-77
81            android:exported="false" />
81-->[androidx.work:work-runtime:2.11.2] AndroidManifest.xml:50:13-37
82
83        <receiver
83-->[androidx.work:work-runtime:2.11.2] AndroidManifest.xml:54:9-59:35
84            android:name="androidx.work.impl.utils.ForceStopRunnable$BroadcastReceiver"
84-->[androidx.work:work-runtime:2.11.2] AndroidManifest.xml:55:13-88
85            android:directBootAware="false"
85-->[androidx.work:work-runtime:2.11.2] AndroidManifest.xml:56:13-44
86            android:enabled="true"
86-->[androidx.work:work-runtime:2.11.2] AndroidManifest.xml:57:13-35
87            android:exported="false" />
87-->[androidx.work:work-runtime:2.11.2] AndroidManifest.xml:58:13-37
88        <receiver
88-->[androidx.work:work-runtime:2.11.2] AndroidManifest.xml:60:9-69:20
89            android:name="androidx.work.impl.background.systemalarm.RescheduleReceiver"
89-->[androidx.work:work-runtime:2.11.2] AndroidManifest.xml:61:13-88
90            android:directBootAware="false"
90-->[androidx.work:work-runtime:2.11.2] AndroidManifest.xml:62:13-44
91            android:enabled="false"
91-->[androidx.work:work-runtime:2.11.2] AndroidManifest.xml:63:13-36
92            android:exported="false" >
92-->[androidx.work:work-runtime:2.11.2] AndroidManifest.xml:64:13-37
93            <intent-filter>
93-->[androidx.work:work-runtime:2.11.2] AndroidManifest.xml:66:13-68:29
94                <action android:name="android.intent.action.BOOT_COMPLETED" />
94-->[androidx.work:work-runtime:2.11.2] AndroidManifest.xml:67:17-79
94-->[androidx.work:work-runtime:2.11.2] AndroidManifest.xml:67:25-76
95            </intent-filter>
96        </receiver>
97        <receiver
97-->[androidx.work:work-runtime:2.11.2] AndroidManifest.xml:70:9-80:20
98            android:name="androidx.work.impl.diagnostics.DiagnosticsReceiver"
98-->[androidx.work:work-runtime:2.11.2] AndroidManifest.xml:71:13-78
99            android:directBootAware="false"
99-->[androidx.work:work-runtime:2.11.2] AndroidManifest.xml:72:13-44
100            android:enabled="true"
100-->[androidx.work:work-runtime:2.11.2] AndroidManifest.xml:73:13-35
101            android:exported="true"
101-->[androidx.work:work-runtime:2.11.2] AndroidManifest.xml:74:13-36
102            android:permission="android.permission.DUMP" >
102-->[androidx.work:work-runtime:2.11.2] AndroidManifest.xml:75:13-57
103            <intent-filter>
103-->[androidx.work:work-runtime:2.11.2] AndroidManifest.xml:77:13-79:29
104                <action android:name="androidx.work.diagnostics.REQUEST_DIAGNOSTICS" />
104-->[androidx.work:work-runtime:2.11.2] AndroidManifest.xml:78:17-88
104-->[androidx.work:work-runtime:2.11.2] AndroidManifest.xml:78:25-85
105            </intent-filter>
106        </receiver>
107
108        <service
108-->[androidx.room:room-runtime-android:2.7.0] AndroidManifest.xml:24:9-28:63
109            android:name="androidx.room.MultiInstanceInvalidationService"
109-->[androidx.room:room-runtime-android:2.7.0] AndroidManifest.xml:25:13-74
110            android:directBootAware="true"
110-->[androidx.room:room-runtime-android:2.7.0] AndroidManifest.xml:26:13-43
111            android:exported="false" />
111-->[androidx.room:room-runtime-android:2.7.0] AndroidManifest.xml:27:13-37
112
113        <receiver
113-->[androidx.profileinstaller:profileinstaller:1.3.0] AndroidManifest.xml:34:9-52:20
114            android:name="androidx.profileinstaller.ProfileInstallReceiver"
114-->[androidx.profileinstaller:profileinstaller:1.3.0] AndroidManifest.xml:35:13-76
115            android:directBootAware="false"
115-->[androidx.profileinstaller:profileinstaller:1.3.0] AndroidManifest.xml:36:13-44
116            android:enabled="true"
116-->[androidx.profileinstaller:profileinstaller:1.3.0] AndroidManifest.xml:37:13-35
117            android:exported="true"
117-->[androidx.profileinstaller:profileinstaller:1.3.0] AndroidManifest.xml:38:13-36
118            android:permission="android.permission.DUMP" >
118-->[androidx.profileinstaller:profileinstaller:1.3.0] AndroidManifest.xml:39:13-57
119            <intent-filter>
119-->[androidx.profileinstaller:profileinstaller:1.3.0] AndroidManifest.xml:40:13-42:29
120                <action android:name="androidx.profileinstaller.action.INSTALL_PROFILE" />
120-->[androidx.profileinstaller:profileinstaller:1.3.0] AndroidManifest.xml:41:17-91
120-->[androidx.profileinstaller:profileinstaller:1.3.0] AndroidManifest.xml:41:25-88
121            </intent-filter>
122            <intent-filter>
122-->[androidx.profileinstaller:profileinstaller:1.3.0] AndroidManifest.xml:43:13-45:29
123                <action android:name="androidx.profileinstaller.action.SKIP_FILE" />
123-->[androidx.profileinstaller:profileinstaller:1.3.0] AndroidManifest.xml:44:17-85
123-->[androidx.profileinstaller:profileinstaller:1.3.0] AndroidManifest.xml:44:25-82
124            </intent-filter>
125            <intent-filter>
125-->[androidx.profileinstaller:profileinstaller:1.3.0] AndroidManifest.xml:46:13-48:29
126                <action android:name="androidx.profileinstaller.action.SAVE_PROFILE" />
126-->[androidx.profileinstaller:profileinstaller:1.3.0] AndroidManifest.xml:47:17-88
126-->[androidx.profileinstaller:profileinstaller:1.3.0] AndroidManifest.xml:47:25-85
127            </intent-filter>
128            <intent-filter>
128-->[androidx.profileinstaller:profileinstaller:1.3.0] AndroidManifest.xml:49:13-51:29
129                <action android:name="androidx.profileinstaller.action.BENCHMARK_OPERATION" />
129-->[androidx.profileinstaller:profileinstaller:1.3.0] AndroidManifest.xml:50:17-95
129-->[androidx.profileinstaller:profileinstaller:1.3.0] AndroidManifest.xml:50:25-92
130            </intent-filter>
131        </receiver>
132    </application>
133
134</manifest>